<?xml version="1.0" encoding="UTF-8"?>
<!-- Generated by org.testng.reporters.JUnitReportReporter -->
<testsuite hostname="LAPTOP-M2L1HDS6" failures="0" tests="1" name="Qaclickacademyshetty.mavenjava.SeleniumTest" time="0.120" errors="0" timestamp="2022-01-18T20:28:54 IST" skipped="0">
  <testcase classname="Qaclickacademyshetty.mavenjava.SeleniumTest" name="browserAutomation" time="0.120"/>
  <system-out/>
</testsuite> <!-- Qaclickacademyshetty.mavenjava.SeleniumTest -->
