<?xml version="1.0" encoding="UTF-8"?>
<!-- Generated by org.testng.reporters.JUnitReportReporter -->
<testsuite skipped="0" hostname="LAPTOP-M2L1HDS6" name="Qaclickacademyshetty.mavenjava.AppiumTest" tests="2" failures="0" timestamp="2022-01-18T23:25:45 IST" time="0.001" errors="0">
  <testcase name="iosApp" time="0.001" classname="Qaclickacademyshetty.mavenjava.AppiumTest"/>
  <system-out/>
  <testcase name="appiumTest" time="0.000" classname="Qaclickacademyshetty.mavenjava.AppiumTest"/>
  <system-out/>
</testsuite> <!-- Qaclickacademyshetty.mavenjava.AppiumTest -->
