<?xml version="1.0" encoding="UTF-8"?>
<!-- Generated by org.testng.reporters.JUnitReportReporter -->
<testsuite skipped="0" hostname="LAPTOP-M2L1HDS6" name="Qaclickacademyshetty.mavenjava.SeleniumTest" tests="2" failures="0" timestamp="2022-01-18T23:25:45 IST" time="0.008" errors="0">
  <testcase name="browserAutomation" time="0.007" classname="Qaclickacademyshetty.mavenjava.SeleniumTest"/>
  <system-out/>
  <testcase name="elementUi" time="0.001" classname="Qaclickacademyshetty.mavenjava.SeleniumTest"/>
  <system-out/>
</testsuite> <!-- Qaclickacademyshetty.mavenjava.SeleniumTest -->
