<?xml version="1.0" encoding="UTF-8"?>
<!-- Generated by org.testng.reporters.JUnitReportReporter -->
<testsuite skipped="0" hostname="LAPTOP-M2L1HDS6" name="Qaclickacademyshetty.mavenjava.RestAPITest" tests="2" failures="0" timestamp="2022-01-18T23:25:45 IST" time="0.002" errors="0">
  <testcase name="postJira" time="0.001" classname="Qaclickacademyshetty.mavenjava.RestAPITest"/>
  <system-out/>
  <testcase name="deleteTwitter" time="0.001" classname="Qaclickacademyshetty.mavenjava.RestAPITest"/>
  <system-out/>
</testsuite> <!-- Qaclickacademyshetty.mavenjava.RestAPITest -->
